<?xml version="1.0" encoding="UTF-8"?>
<testsuite name="Employee" tests="1" skipped="0" failures="0" errors="0" timestamp="2020-04-27T08:20:39" hostname="DESKTOP-0CIO72U" time="3.444">
  <properties/>
  <testcase name="createEmployee" classname="Employee" time="3.444"/>
  <system-out><![CDATA[Request method:	POST
Request URI:	http://dummy.restapiexample.com/api/v1/create
Proxy:			<none>
Request params:	<none>
Query params:	<none>
Form params:	<none>
Path params:	<none>
Headers:		Accept=*/*a
				Content-Type=application/json; charset=UTF-8
Cookies:		<none>
Multiparts:		<none>
Body:
{
    "name": "Dana",
    "salary": "123",
    "age": "23"
}
{
    "status": "success",
    "data": {
        "name": "Dana",
        "salary": "123",
        "age": "23",
        "id": 38
    }
}
200
]]></system-out>
  <system-err><![CDATA[]]></system-err>
</testsuite>
